"forceful execute ..."
"idealize width -1"
"idealize height -0"
method_missing
to_s
inside?
to_IplConvKernel
create_mask
width
columns
cols
height
rows
depth
channel
data
clone
copy
to_8u
to_8s
to_16u
to_16s
to_32s
to_32f
to_64f
vector?
square?
to_CvMat
sub_rect
subrect
get_rows
get_cols
each_row
each_col
each_column
diag
diagonal
size
dims
dim_size
[]
at
[]=
set_data
set
fill
set!
fill!
set_zero
clear
zero
set_zero!
clear!
zero!
identity
identity!
range
range!
reshape
repeat
flip
flip!
split
rand_shuffle
rand_shuffle!
lut
convert_scale
convert_scale_abs
add
+
sub
-
mul
mat_mul
*
div
/
and
&
or
|
xor
^
not
not!
eq
gt
ge
lt
le
ne
in_range
abs_diff
normalize
count_non_zero
sum
avg
avg_sdv
sdv
min_max_loc
dot_product
cross_product
transform
perspective_transform
mul_transposed
trace
transpose
t
det
determinant
invert
svd
eigenvv
line
line!
rectangle
rectangle!
circle
circle!
ellipse
ellipse!
ellipse_box
ellipse_box!
fill_poly
fill_poly!
fill_convex_poly
fill_convex_poly!
poly_line
poly_line!
put_text
put_text!
dft
dct
sobel
laplace
canny
pre_corner_detect
corner_eigenvv
corner_min_eigen_val
corner_harris
find_chessboard_corners
find_corner_sub_pix
good_features_to_track
rect_sub_pix
quadrangle_sub_pix
resize
warp_affine
warp_perspective
remap
log_polar
erode
erode!
dilate
dilate!
morphology
smooth
copy_make_border
filter2d
integral
threshold
adaptive_threshold
pyr_down
pyr_up
flood_fill
flood_fill!
find_contours
find_contours!
draw_contours
draw_contours!
draw_chessboard_corners
draw_chessboard_corners!
pyr_mean_shift_filtering
watershed
moments
hough_lines
hough_circles
inpaint
equalize_hist
apply_color_map
match_template
match_shapes
mean_shift
cam_shift
snake_image
optical_flow_hs
optical_flow_lk
optical_flow_bm
extract_surf
subspace_project
subspace_reconstruct
save_image
save
encode_image
encode
calculate_degree_of_diff
calculate_MSE
rgb
griddable?
dividable?
gridize
has_identical_size?
idealize
placesAt
smaller_than?
valid?
nil?
===
=~
!~
eql?
hash
<=>
class
singleton_class
dup
taint
tainted?
untaint
untrust
untrusted?
trust
freeze
frozen?
inspect
methods
singleton_methods
protected_methods
private_methods
public_methods
instance_variables
instance_variable_get
instance_variable_set
instance_variable_defined?
remove_instance_variable
instance_of?
kind_of?
is_a?
tap
send
public_send
respond_to?
extend
display
method
public_method
singleton_method
define_singleton_method
object_id
to_enum
enum_for
==
equal?
!
!=
instance_eval
instance_exec
__send__
__id__
